<?xml version="1.0" encoding="UTF-8" ?>
<testsuite tests="1" failures="0" name="org.example.AppTest" time="0.003" errors="0" skipped="0">
  <properties>
    <property name="os.detected.version" value="10.0"/>
    <property name="idea.version" value="2020.2"/>
    <property name="java.runtime.name" value="Java(TM) SE Runtime Environment"/>
    <property name="java.vm.version" value="10.0.1+10"/>
    <property name="sun.boot.library.path" value="C:\Program Files\Java\jdk-10.0.1\bin"/>
    <property name="maven.multiModuleProjectDirectory" value="D:\DESKTOP\Denis\GRPC\GRPC_Client"/>
    <property name="java.vm.vendor" value="&quot;Oracle Corporation&quot;"/>
    <property name="java.vendor.url" value="http://java.oracle.com/"/>
    <property name="guice.disable.misplaced.annotation.check" value="true"/>
    <property name="path.separator" value=";"/>
    <property name="os.detected.version.minor" value="0"/>
    <property name="java.vm.name" value="Java HotSpot(TM) 64-Bit Server VM"/>
    <property name="file.encoding.pkg" value="sun.io"/>
    <property name="sun.os.patch.level" value=""/>
    <property name="user.script" value=""/>
    <property name="sun.java.launcher" value="SUN_STANDARD"/>
    <property name="user.country" value="RU"/>
    <property name="java.vm.specification.name" value="Java Virtual Machine Specification"/>
    <property name="user.dir" value="D:\DESKTOP\Denis\GRPC\GRPC_Client"/>
    <property name="java.vm.compressedOopsMode" value="32-bit"/>
    <property name="java.runtime.version" value="10.0.1+10"/>
    <property name="java.awt.graphicsenv" value="sun.awt.Win32GraphicsEnvironment"/>
    <property name="os.arch" value="amd64"/>
    <property name="java.io.tmpdir" value="C:\Temp\"/>
    <property name="line.separator" value="
"/>
    <property name="java.vm.specification.vendor" value="Oracle Corporation"/>
    <property name="os.detected.version.major" value="10"/>
    <property name="user.variant" value=""/>
    <property name="os.name" value="Windows 10"/>
    <property name="os.detected.classifier" value="windows-x86_64"/>
    <property name="maven.ext.class.path" value="D:\DESKTOP\IntellIJ\IntelliJ IDEA Educational Edition 2020.2\plugins\maven\lib\maven-event-listener.jar"/>
    <property name="classworlds.conf" value="D:\DESKTOP\IntellIJ\IntelliJ IDEA Educational Edition 2020.2\plugins\maven\lib\maven3\bin\m2.conf"/>
    <property name="sun.jnu.encoding" value="Cp1251"/>
    <property name="java.library.path" value="C:\Program Files\Java\jdk-10.0.1\bin;C:\Windows\Sun\Java\bin;C:\Windows\system32;C:\Windows;C:\Program Files (x86)\Common Files\Oracle\Java\javapath;C:\Windows\system32;C:\Windows;C:\Windows\System32\Wbem;C:\Windows\System32\WindowsPowerShell\v1.0\;C:\Program Files (x86)\Skype\Phone\;C:\Program Files (x86)\NVIDIA Corporation\PhysX\Common;C:\Users\User\AppData\Local\Microsoft\WindowsApps;;."/>
    <property name="os.detected.arch" value="x86_64"/>
    <property name="maven.conf" value="D:\DESKTOP\IntellIJ\IntelliJ IDEA Educational Edition 2020.2\plugins\maven\lib\maven3/conf"/>
    <property name="jdk.debug" value="release"/>
    <property name="java.class.version" value="54.0"/>
    <property name="java.specification.name" value="Java Platform API Specification"/>
    <property name="sun.management.compiler" value="HotSpot 64-Bit Tiered Compilers"/>
    <property name="os.detected.name" value="windows"/>
    <property name="os.version" value="10.0"/>
    <property name="user.home" value="C:\Users\User"/>
    <property name="user.timezone" value="Europe/Helsinki"/>
    <property name="java.awt.printerjob" value="sun.awt.windows.WPrinterJob"/>
    <property name="file.encoding" value="UTF-8"/>
    <property name="java.specification.version" value="10"/>
    <property name="user.name" value="cu"/>
    <property name="java.class.path" value="D:\DESKTOP\IntellIJ\IntelliJ IDEA Educational Edition 2020.2\plugins\maven\lib\maven3\boot\plexus-classworlds-2.6.0.jar;D:\DESKTOP\IntellIJ\IntelliJ IDEA Educational Edition 2020.2\plugins\maven\lib\maven3\boot\plexus-classworlds.license"/>
    <property name="java.vm.specification.version" value="10"/>
    <property name="sun.arch.data.model" value="64"/>
    <property name="sun.java.command" value="org.codehaus.classworlds.Launcher -Didea.version=2020.2 package"/>
    <property name="java.home" value="C:\Program Files\Java\jdk-10.0.1"/>
    <property name="user.language" value="ru"/>
    <property name="java.specification.vendor" value="Oracle Corporation"/>
    <property name="awt.toolkit" value="sun.awt.windows.WToolkit"/>
    <property name="java.vm.info" value="mixed mode"/>
    <property name="java.version" value="10.0.1"/>
    <property name="java.vendor" value="Oracle Corporation"/>
    <property name="maven.home" value="D:\DESKTOP\IntellIJ\IntelliJ IDEA Educational Edition 2020.2\plugins\maven\lib\maven3"/>
    <property name="file.separator" value="\"/>
    <property name="java.version.date" value="2018-04-17"/>
    <property name="java.vendor.url.bug" value="http://bugreport.java.com/bugreport/"/>
    <property name="sun.io.unicode.encoding" value="UnicodeLittle"/>
    <property name="sun.cpu.endian" value="little"/>
    <property name="java.vendor.version" value="18.3"/>
    <property name="sun.desktop" value="windows"/>
    <property name="sun.cpu.isalist" value="amd64"/>
  </properties>
  <testcase classname="org.example.AppTest" name="shouldAnswerWithTrue" time="0.003"/>
</testsuite>